<?xml version="1.0" encoding="UTF-8"?>
<testsuite xmlns:xsi="http://www.w3.org/2001/XMLSchema-instance" xsi:noNamespaceSchemaLocation="https://maven.apache.org/surefire/maven-surefire-plugin/xsd/surefire-test-report.xsd" name="com.alexwishes.FirstTest" time="1.103" tests="1" errors="0" skipped="0" failures="0">
  <properties>
    <property name="sun.desktop" value="gnome"/>
    <property name="awt.toolkit" value="sun.awt.X11.XToolkit"/>
    <property name="java.specification.version" value="11"/>
    <property name="sun.cpu.isalist" value=""/>
    <property name="sun.jnu.encoding" value="UTF-8"/>
    <property name="java.class.path" value="/home/yangyt001/eclipse-workspace/cicd-java-sample/target/test-classes:/home/yangyt001/eclipse-workspace/cicd-java-sample/target/classes:/home/yangyt001/.m2/repository/org/testng/testng/7.1.0/testng-7.1.0.jar:/home/yangyt001/.m2/repository/com/beust/jcommander/1.72/jcommander-1.72.jar:/home/yangyt001/.m2/repository/com/google/inject/guice/4.1.0/guice-4.1.0-no_aop.jar:/home/yangyt001/.m2/repository/javax/inject/javax.inject/1/javax.inject-1.jar:/home/yangyt001/.m2/repository/aopalliance/aopalliance/1.0/aopalliance-1.0.jar:/home/yangyt001/.m2/repository/com/google/guava/guava/19.0/guava-19.0.jar:/home/yangyt001/.m2/repository/org/yaml/snakeyaml/1.21/snakeyaml-1.21.jar:/home/yangyt001/.m2/repository/io/qameta/allure/allure-testng/2.13.2/allure-testng-2.13.2.jar:/home/yangyt001/.m2/repository/io/qameta/allure/allure-java-commons/2.13.2/allure-java-commons-2.13.2.jar:/home/yangyt001/.m2/repository/io/qameta/allure/allure-model/2.13.2/allure-model-2.13.2.jar:/home/yangyt001/.m2/repository/org/slf4j/slf4j-api/1.7.30/slf4j-api-1.7.30.jar:/home/yangyt001/.m2/repository/com/fasterxml/jackson/core/jackson-databind/2.9.8/jackson-databind-2.9.8.jar:/home/yangyt001/.m2/repository/com/fasterxml/jackson/core/jackson-annotations/2.9.0/jackson-annotations-2.9.0.jar:/home/yangyt001/.m2/repository/com/fasterxml/jackson/core/jackson-core/2.9.8/jackson-core-2.9.8.jar:/home/yangyt001/.m2/repository/org/apache/tika/tika-core/1.20/tika-core-1.20.jar:/home/yangyt001/.m2/repository/org/jooq/joor-java-8/0.9.10/joor-java-8-0.9.10.jar:"/>
    <property name="java.vm.vendor" value="Ubuntu"/>
    <property name="sun.arch.data.model" value="64"/>
    <property name="java.vendor.url" value="https://ubuntu.com/"/>
    <property name="user.timezone" value=""/>
    <property name="java.vm.specification.version" value="11"/>
    <property name="os.name" value="Linux"/>
    <property name="sun.java.launcher" value="SUN_STANDARD"/>
    <property name="user.country" value="US"/>
    <property name="sun.boot.library.path" value="/usr/lib/jvm/java-11-openjdk-amd64/lib"/>
    <property name="sun.java.command" value="/home/yangyt001/eclipse-workspace/cicd-java-sample/target/surefire/surefirebooter3548659059783775577.jar /home/yangyt001/eclipse-workspace/cicd-java-sample/target/surefire 2020-05-28T13-47-15_528-jvmRun1 surefire11996858333865170319tmp surefire_02452972917442818178tmp"/>
    <property name="jdk.debug" value="release"/>
    <property name="surefire.test.class.path" value="/home/yangyt001/eclipse-workspace/cicd-java-sample/target/test-classes:/home/yangyt001/eclipse-workspace/cicd-java-sample/target/classes:/home/yangyt001/.m2/repository/org/testng/testng/7.1.0/testng-7.1.0.jar:/home/yangyt001/.m2/repository/com/beust/jcommander/1.72/jcommander-1.72.jar:/home/yangyt001/.m2/repository/com/google/inject/guice/4.1.0/guice-4.1.0-no_aop.jar:/home/yangyt001/.m2/repository/javax/inject/javax.inject/1/javax.inject-1.jar:/home/yangyt001/.m2/repository/aopalliance/aopalliance/1.0/aopalliance-1.0.jar:/home/yangyt001/.m2/repository/com/google/guava/guava/19.0/guava-19.0.jar:/home/yangyt001/.m2/repository/org/yaml/snakeyaml/1.21/snakeyaml-1.21.jar:/home/yangyt001/.m2/repository/io/qameta/allure/allure-testng/2.13.2/allure-testng-2.13.2.jar:/home/yangyt001/.m2/repository/io/qameta/allure/allure-java-commons/2.13.2/allure-java-commons-2.13.2.jar:/home/yangyt001/.m2/repository/io/qameta/allure/allure-model/2.13.2/allure-model-2.13.2.jar:/home/yangyt001/.m2/repository/org/slf4j/slf4j-api/1.7.30/slf4j-api-1.7.30.jar:/home/yangyt001/.m2/repository/com/fasterxml/jackson/core/jackson-databind/2.9.8/jackson-databind-2.9.8.jar:/home/yangyt001/.m2/repository/com/fasterxml/jackson/core/jackson-annotations/2.9.0/jackson-annotations-2.9.0.jar:/home/yangyt001/.m2/repository/com/fasterxml/jackson/core/jackson-core/2.9.8/jackson-core-2.9.8.jar:/home/yangyt001/.m2/repository/org/apache/tika/tika-core/1.20/tika-core-1.20.jar:/home/yangyt001/.m2/repository/org/jooq/joor-java-8/0.9.10/joor-java-8-0.9.10.jar:"/>
    <property name="allure.results.directory" value="./target/allure-results"/>
    <property name="sun.cpu.endian" value="little"/>
    <property name="user.home" value="/home/yangyt001"/>
    <property name="user.language" value="en"/>
    <property name="java.specification.vendor" value="Oracle Corporation"/>
    <property name="java.version.date" value="2020-04-14"/>
    <property name="java.home" value="/usr/lib/jvm/java-11-openjdk-amd64"/>
    <property name="file.separator" value="/"/>
    <property name="basedir" value="/home/yangyt001/eclipse-workspace/cicd-java-sample"/>
    <property name="java.vm.compressedOopsMode" value="Zero based"/>
    <property name="line.separator" value="&#10;"/>
    <property name="java.specification.name" value="Java Platform API Specification"/>
    <property name="java.vm.specification.vendor" value="Oracle Corporation"/>
    <property name="java.awt.graphicsenv" value="sun.awt.X11GraphicsEnvironment"/>
    <property name="surefire.real.class.path" value="/home/yangyt001/eclipse-workspace/cicd-java-sample/target/surefire/surefirebooter3548659059783775577.jar"/>
    <property name="sun.management.compiler" value="HotSpot 64-Bit Tiered Compilers"/>
    <property name="java.runtime.version" value="11.0.7+10-post-Ubuntu-3ubuntu1"/>
    <property name="user.name" value="yangyt001"/>
    <property name="path.separator" value=":"/>
    <property name="os.version" value="5.4.0-31-generic"/>
    <property name="java.runtime.name" value="OpenJDK Runtime Environment"/>
    <property name="file.encoding" value="UTF-8"/>
    <property name="java.vm.name" value="OpenJDK 64-Bit Server VM"/>
    <property name="localRepository" value="/home/yangyt001/.m2/repository"/>
    <property name="java.vendor.url.bug" value="https://bugs.launchpad.net/ubuntu/+source/openjdk-lts"/>
    <property name="java.io.tmpdir" value="/tmp"/>
    <property name="java.version" value="11.0.7"/>
    <property name="user.dir" value="/home/yangyt001/eclipse-workspace/cicd-java-sample"/>
    <property name="os.arch" value="amd64"/>
    <property name="java.vm.specification.name" value="Java Virtual Machine Specification"/>
    <property name="java.awt.printerjob" value="sun.print.PSPrinterJob"/>
    <property name="sun.os.patch.level" value="unknown"/>
    <property name="java.library.path" value="/usr/local/lib:/usr/java/packages/lib:/usr/lib/x86_64-linux-gnu/jni:/lib/x86_64-linux-gnu:/usr/lib/x86_64-linux-gnu:/usr/lib/jni:/lib:/usr/lib"/>
    <property name="java.vendor" value="Ubuntu"/>
    <property name="java.vm.info" value="mixed mode, sharing"/>
    <property name="java.vm.version" value="11.0.7+10-post-Ubuntu-3ubuntu1"/>
    <property name="sun.io.unicode.encoding" value="UnicodeLittle"/>
    <property name="java.class.version" value="55.0"/>
  </properties>
  <testcase name="f" classname="com.alexwishes.FirstTest" time="0.046"/>
</testsuite>