<?xml version="1.0" encoding="UTF-8"?>
<!-- Generated by org.testng.reporters.JUnitReportReporter -->
<testsuite hostname="yangyt001" failures="0" tests="1" name="com.alexwishes.FirstTest" time="0.044" errors="0" timestamp="2020-05-28T13:47:17 CST" skipped="0">
  <testcase classname="com.alexwishes.FirstTest" name="f" time="0.044"/>
  <system-out/>
</testsuite> <!-- com.alexwishes.FirstTest -->
